▷ INFO  09:34:53 org.springframework.web.context.ContextLoader[initWebApplicationContext:307] - Root WebApplicationContext: initialization started
▷ INFO  09:34:53 org.springframework.web.context.support.XmlWebApplicationContext[prepareRefresh:577] - Refreshing Root WebApplicationContext: startup date [Tue Apr 14 09:34:53 KST 2020]; root of context hierarchy
▷ INFO  09:34:54 org.springframework.beans.factory.xml.XmlBeanDefinitionReader[loadBeanDefinitions:317] - Loading XML bean definitions from file [C:\DES\workspace\.metadata\.plugins\org.eclipse.wst.server.core\tmp1\wtpwebapps\MCP2020\WEB-INF\classes\spring\context-common-trace.xml]
▷ INFO  09:34:54 org.springframework.beans.factory.xml.XmlBeanDefinitionReader[loadBeanDefinitions:317] - Loading XML bean definitions from file [C:\DES\workspace\.metadata\.plugins\org.eclipse.wst.server.core\tmp1\wtpwebapps\MCP2020\WEB-INF\classes\spring\context-common.xml]
▷ INFO  09:34:54 org.springframework.beans.factory.xml.XmlBeanDefinitionReader[loadBeanDefinitions:317] - Loading XML bean definitions from file [C:\DES\workspace\.metadata\.plugins\org.eclipse.wst.server.core\tmp1\wtpwebapps\MCP2020\WEB-INF\classes\spring\context-datasource.xml]
▷ INFO  09:34:54 org.springframework.beans.factory.xml.XmlBeanDefinitionReader[loadBeanDefinitions:317] - Loading XML bean definitions from file [C:\DES\workspace\.metadata\.plugins\org.eclipse.wst.server.core\tmp1\wtpwebapps\MCP2020\WEB-INF\classes\spring\context-mapper.xml]
▷ INFO  09:34:54 org.springframework.beans.factory.xml.XmlBeanDefinitionReader[loadBeanDefinitions:317] - Loading XML bean definitions from file [C:\DES\workspace\.metadata\.plugins\org.eclipse.wst.server.core\tmp1\wtpwebapps\MCP2020\WEB-INF\classes\spring\context-properties.xml]
▷ INFO  09:34:54 org.springframework.beans.factory.xml.XmlBeanDefinitionReader[loadBeanDefinitions:317] - Loading XML bean definitions from file [C:\DES\workspace\.metadata\.plugins\org.eclipse.wst.server.core\tmp1\wtpwebapps\MCP2020\WEB-INF\classes\spring\context-scheduler.xml]
▷ INFO  09:34:55 org.springframework.beans.factory.xml.XmlBeanDefinitionReader[loadBeanDefinitions:317] - Loading XML bean definitions from file [C:\DES\workspace\.metadata\.plugins\org.eclipse.wst.server.core\tmp1\wtpwebapps\MCP2020\WEB-INF\classes\spring\context-transaction.xml]
▷ DEBUG 09:34:56 org.mybatis.spring.mapper.ClassPathMapperScanner[findCandidateComponents:286] - Identified candidate component class: file [C:\DES\workspace\.metadata\.plugins\org.eclipse.wst.server.core\tmp1\wtpwebapps\MCP2020\WEB-INF\classes\com\hpay\airparking\service\dao\AirParkingMDAO.class]
▷ DEBUG 09:34:56 org.mybatis.spring.mapper.ClassPathMapperScanner[findCandidateComponents:286] - Identified candidate component class: file [C:\DES\workspace\.metadata\.plugins\org.eclipse.wst.server.core\tmp1\wtpwebapps\MCP2020\WEB-INF\classes\com\hpay\common\service\dao\DincdDAO.class]
▷ DEBUG 09:34:56 org.mybatis.spring.mapper.ClassPathMapperScanner[findCandidateComponents:286] - Identified candidate component class: file [C:\DES\workspace\.metadata\.plugins\org.eclipse.wst.server.core\tmp1\wtpwebapps\MCP2020\WEB-INF\classes\com\hpay\common\service\dao\HpayLogMDAO.class]
▷ DEBUG 09:34:56 org.mybatis.spring.mapper.ClassPathMapperScanner[findCandidateComponents:286] - Identified candidate component class: file [C:\DES\workspace\.metadata\.plugins\org.eclipse.wst.server.core\tmp1\wtpwebapps\MCP2020\WEB-INF\classes\com\hpay\icps\service\dao\DeltaMDAO.class]
▷ DEBUG 09:34:56 org.mybatis.spring.mapper.ClassPathMapperScanner[findCandidateComponents:286] - Identified candidate component class: file [C:\DES\workspace\.metadata\.plugins\org.eclipse.wst.server.core\tmp1\wtpwebapps\MCP2020\WEB-INF\classes\com\hpay\icps\service\dao\HpayStoreAddedMDAO.class]
▷ DEBUG 09:34:56 org.mybatis.spring.mapper.ClassPathMapperScanner[findCandidateComponents:286] - Identified candidate component class: file [C:\DES\workspace\.metadata\.plugins\org.eclipse.wst.server.core\tmp1\wtpwebapps\MCP2020\WEB-INF\classes\com\hpay\icps\service\dao\StoreDeletedMDAO.class]
▷ DEBUG 09:34:56 org.mybatis.spring.mapper.ClassPathMapperScanner[findCandidateComponents:286] - Identified candidate component class: file [C:\DES\workspace\.metadata\.plugins\org.eclipse.wst.server.core\tmp1\wtpwebapps\MCP2020\WEB-INF\classes\com\hpay\notice\service\dao\NoticeDAO.class]
▷ DEBUG 09:34:56 org.mybatis.spring.mapper.ClassPathMapperScanner[findCandidateComponents:286] - Identified candidate component class: file [C:\DES\workspace\.metadata\.plugins\org.eclipse.wst.server.core\tmp1\wtpwebapps\MCP2020\WEB-INF\classes\com\hpay\parking\service\dao\ParkingLotMDAO.class]
▷ DEBUG 09:34:56 org.mybatis.spring.mapper.ClassPathMapperScanner[findCandidateComponents:286] - Identified candidate component class: file [C:\DES\workspace\.metadata\.plugins\org.eclipse.wst.server.core\tmp1\wtpwebapps\MCP2020\WEB-INF\classes\com\hpay\parking\service\dao\ParkListMDAO.class]
▷ DEBUG 09:34:56 org.mybatis.spring.mapper.ClassPathMapperScanner[processBeanDefinitions:181] - Creating MapperFactoryBean with name 'AirParkingMDAO' and 'com.hpay.airparking.service.dao.AirParkingMDAO' mapperInterface
▷ DEBUG 09:34:56 org.mybatis.spring.mapper.ClassPathMapperScanner[processBeanDefinitions:181] - Creating MapperFactoryBean with name 'dincdDAO' and 'com.hpay.common.service.dao.DincdDAO' mapperInterface
▷ DEBUG 09:34:56 org.mybatis.spring.mapper.ClassPathMapperScanner[processBeanDefinitions:181] - Creating MapperFactoryBean with name 'hpayLogMDAO' and 'com.hpay.common.service.dao.HpayLogMDAO' mapperInterface
▷ DEBUG 09:34:56 org.mybatis.spring.mapper.ClassPathMapperScanner[processBeanDefinitions:181] - Creating MapperFactoryBean with name 'deltaMDAO' and 'com.hpay.icps.service.dao.DeltaMDAO' mapperInterface
▷ DEBUG 09:34:56 org.mybatis.spring.mapper.ClassPathMapperScanner[processBeanDefinitions:181] - Creating MapperFactoryBean with name 'hpayStoreAddedMDAO' and 'com.hpay.icps.service.dao.HpayStoreAddedMDAO' mapperInterface
▷ DEBUG 09:34:56 org.mybatis.spring.mapper.ClassPathMapperScanner[processBeanDefinitions:181] - Creating MapperFactoryBean with name 'storeDeletedMDAO' and 'com.hpay.icps.service.dao.StoreDeletedMDAO' mapperInterface
▷ DEBUG 09:34:56 org.mybatis.spring.mapper.ClassPathMapperScanner[processBeanDefinitions:181] - Creating MapperFactoryBean with name 'noticeDAO' and 'com.hpay.notice.service.dao.NoticeDAO' mapperInterface
▷ DEBUG 09:34:56 org.mybatis.spring.mapper.ClassPathMapperScanner[processBeanDefinitions:181] - Creating MapperFactoryBean with name 'parkingLotDAO' and 'com.hpay.parking.service.dao.ParkingLotMDAO' mapperInterface
▷ DEBUG 09:34:56 org.mybatis.spring.mapper.ClassPathMapperScanner[processBeanDefinitions:181] - Creating MapperFactoryBean with name 'parkListDAO' and 'com.hpay.parking.service.dao.ParkListMDAO' mapperInterface
▷ INFO  09:34:57 org.springframework.scheduling.concurrent.ThreadPoolTaskExecutor[initialize:165] - Initializing ExecutorService 
▷ INFO  09:34:57 org.springframework.context.support.PostProcessorRegistrationDelegate$BeanPostProcessorChecker[postProcessAfterInitialization:328] - Bean 'gsTaskExecutor' of type [class org.springframework.scheduling.config.TaskExecutorFactoryBean] is not eligible for getting processed by all BeanPostProcessors (for example: not eligible for auto-proxying)
▷ INFO  09:34:57 org.springframework.context.support.PostProcessorRegistrationDelegate$BeanPostProcessorChecker[postProcessAfterInitialization:328] - Bean 'gsTaskExecutor' of type [class org.springframework.scheduling.concurrent.ThreadPoolTaskExecutor] is not eligible for getting processed by all BeanPostProcessors (for example: not eligible for auto-proxying)
▷ INFO  09:34:57 org.springframework.scheduling.concurrent.ThreadPoolTaskScheduler[initialize:165] - Initializing ExecutorService  'gsScheduler'
▷ INFO  09:34:57 org.springframework.context.support.PostProcessorRegistrationDelegate$BeanPostProcessorChecker[postProcessAfterInitialization:328] - Bean 'gsScheduler' of type [class org.springframework.scheduling.concurrent.ThreadPoolTaskScheduler] is not eligible for getting processed by all BeanPostProcessors (for example: not eligible for auto-proxying)
▷ DEBUG 09:34:57 able.com.service.msg.AbleReloadableResourceBundleMessageSource[setBasenames:126] - ================ Message Properties =================
▷ DEBUG 09:34:57 able.com.service.msg.AbleReloadableResourceBundleMessageSource[setBasenames:154] - classpath:/message/message-common
▷ DEBUG 09:34:57 able.com.service.msg.AbleReloadableResourceBundleMessageSource[setBasenames:154] - classpath:/egovframework/rte/fdl/property/messages/properties
▷ DEBUG 09:34:57 able.com.service.msg.AbleReloadableResourceBundleMessageSource[setBasenames:156] - =====================================================
▷ DEBUG 09:34:58 org.apache.ibatis.logging.LogFactory[setImplementation:135] - Logging initialized using 'class org.apache.ibatis.logging.slf4j.Slf4jImpl' adapter.
▷ DEBUG 09:34:58 org.mybatis.spring.SqlSessionFactoryBean[buildSqlSessionFactory:458] - Parsed configuration file: 'class path resource [sqlmap/sql-mapper-config.xml]'
▷ DEBUG 09:34:58 org.mybatis.spring.SqlSessionFactoryBean[buildSqlSessionFactory:490] - Parsed mapper file: 'file [C:\DES\workspace\.metadata\.plugins\org.eclipse.wst.server.core\tmp1\wtpwebapps\MCP2020\WEB-INF\classes\sqlmap\com\hpay\airparking\dincdDAO_SQL.xml]'
▷ DEBUG 09:34:58 org.mybatis.spring.SqlSessionFactoryBean[buildSqlSessionFactory:490] - Parsed mapper file: 'file [C:\DES\workspace\.metadata\.plugins\org.eclipse.wst.server.core\tmp1\wtpwebapps\MCP2020\WEB-INF\classes\sqlmap\com\hpay\common\HpayLogMDAO_SQL.xml]'
▷ DEBUG 09:34:58 org.mybatis.spring.SqlSessionFactoryBean[buildSqlSessionFactory:490] - Parsed mapper file: 'file [C:\DES\workspace\.metadata\.plugins\org.eclipse.wst.server.core\tmp1\wtpwebapps\MCP2020\WEB-INF\classes\sqlmap\com\hpay\dincd\park_ParkingAirLotDAO_SQL.xml]'
▷ DEBUG 09:34:58 org.mybatis.spring.SqlSessionFactoryBean[buildSqlSessionFactory:490] - Parsed mapper file: 'file [C:\DES\workspace\.metadata\.plugins\org.eclipse.wst.server.core\tmp1\wtpwebapps\MCP2020\WEB-INF\classes\sqlmap\com\hpay\icps\basic_DeltaMDAO_SQL.xml]'
▷ DEBUG 09:34:58 org.mybatis.spring.SqlSessionFactoryBean[buildSqlSessionFactory:490] - Parsed mapper file: 'file [C:\DES\workspace\.metadata\.plugins\org.eclipse.wst.server.core\tmp1\wtpwebapps\MCP2020\WEB-INF\classes\sqlmap\com\hpay\icps\basic_StoreDeletedMDAO_SQL.xml]'
▷ DEBUG 09:34:58 org.mybatis.spring.SqlSessionFactoryBean[buildSqlSessionFactory:490] - Parsed mapper file: 'file [C:\DES\workspace\.metadata\.plugins\org.eclipse.wst.server.core\tmp1\wtpwebapps\MCP2020\WEB-INF\classes\sqlmap\com\hpay\icps\HpayStoreAddedMDAO_SQL.xml]'
▷ DEBUG 09:34:58 org.mybatis.spring.SqlSessionFactoryBean[buildSqlSessionFactory:490] - Parsed mapper file: 'file [C:\DES\workspace\.metadata\.plugins\org.eclipse.wst.server.core\tmp1\wtpwebapps\MCP2020\WEB-INF\classes\sqlmap\com\hpay\notice\NoticeDAO_SQL.xml]'
▷ DEBUG 09:34:59 able.com.service.msg.AbleReloadableResourceBundleMessageSource[loadProperties:773] - Loading properties [properties.properties]
▷ DEBUG 09:34:59 able.com.service.msg.AbleReloadableResourceBundleMessageSource[loadProperties:773] - Loading properties [properties_ko.properties]
▷ DEBUG 09:34:59 able.com.service.msg.AbleReloadableResourceBundleMessageSource[refreshProperties:729] - No properties file found for [classpath:/egovframework/rte/fdl/property/messages/properties_ko_KR] - neither plain properties nor XML
▷ DEBUG 09:34:59 able.com.service.msg.AbleReloadableResourceBundleMessageSource[loadProperties:773] - Loading properties [message-common.properties]
▷ DEBUG 09:34:59 able.com.service.msg.AbleReloadableResourceBundleMessageSource[loadProperties:773] - Loading properties [message-common_ko.properties]
▷ DEBUG 09:34:59 able.com.service.msg.AbleReloadableResourceBundleMessageSource[refreshProperties:729] - No properties file found for [classpath:/message/message-common_ko_KR] - neither plain properties nor XML
▷ DEBUG 09:34:59 able.com.service.prop.PropertyServiceImpl[loadPropertyRes:432] - [Properties Service] 프로퍼티 파일이름은 [airparking.properties]입니다. 파일 인코딩 타입은 null입니다.
▷ DEBUG 09:34:59 able.com.service.prop.PropertyServiceImpl[loadPropertyRes:432] - [Properties Service] 프로퍼티 파일이름은 [icps.properties]입니다. 파일 인코딩 타입은 null입니다.
▷ INFO  09:34:59 org.springframework.web.context.ContextLoader[initWebApplicationContext:347] - Root WebApplicationContext: initialization completed in 6026 ms
▷ INFO  09:35:00 org.springframework.web.servlet.DispatcherServlet[initServletBean:488] - FrameworkServlet 'action': initialization started
▷ INFO  09:35:00 org.springframework.web.context.support.XmlWebApplicationContext[prepareRefresh:577] - Refreshing WebApplicationContext for namespace 'action-servlet': startup date [Tue Apr 14 09:35:00 KST 2020]; parent: Root WebApplicationContext
▷ INFO  09:35:00 org.springframework.beans.factory.xml.XmlBeanDefinitionReader[loadBeanDefinitions:317] - Loading XML bean definitions from ServletContext resource [/WEB-INF/config/springmvc/dispatcher-servlet.xml]
▷ INFO  09:35:01 org.springframework.web.servlet.mvc.method.annotation.RequestMappingHandlerMapping[register:515] - Mapped "{[/DincdTest.do],methods=[GET],produces=[application/json;charset=UTF-8]}" onto public java.lang.String com.hpay.airparking.web.DiningCodeTest.receiveStoreDelta(javax.servlet.http.HttpServletRequest,com.hpay.icps.vo.DincdVO,org.springframework.validation.BindingResult) throws com.fasterxml.jackson.core.JsonProcessingException
▷ INFO  09:35:01 org.springframework.web.servlet.mvc.method.annotation.RequestMappingHandlerMapping[register:515] - Mapped "{[/HPAY-PARKING/reqParkingAirInfo.do],methods=[POST],produces=[application/json;charset=UTF-8]}" onto public void com.hpay.airparking.web.RedisTestController.loadParkingLotInfoAll()
▷ INFO  09:35:01 org.springframework.web.servlet.mvc.method.annotation.RequestMappingHandlerMapping[register:515] - Mapped "{[/TEST.do]}" onto public java.lang.String com.hpay.icps.web.PosgreSqlTestController.TEST()
▷ INFO  09:35:01 org.springframework.web.servlet.mvc.method.annotation.RequestMappingHandlerMapping[register:515] - Mapped "{[/TEST2.do]}" onto public java.lang.String com.hpay.icps.web.PosgreSqlTestController.TEST2()
▷ INFO  09:35:01 org.springframework.web.servlet.mvc.method.annotation.RequestMappingHandlerMapping[register:515] - Mapped "{[/TEST3.do]}" onto public java.lang.String com.hpay.icps.web.PosgreSqlTestController.receiveStoreDelta(javax.servlet.http.HttpServletRequest)
▷ INFO  09:35:01 org.springframework.web.servlet.mvc.method.annotation.RequestMappingHandlerMapping[register:515] - Mapped "{[/cmdSendDeltaToICPS.do],methods=[GET],produces=[application/json;charset=UTF-8]}" onto public java.lang.String com.hpay.icps.web.ServerController.SendDeltaToICPS()
▷ INFO  09:35:01 org.springframework.web.servlet.mvc.method.annotation.RequestMappingHandlerMapping[register:515] - Mapped "{[/reqProvideDayDeleteList.do],methods=[GET],produces=[application/json;charset=UTF-8]}" onto public java.lang.String com.hpay.icps.web.ServerController.delstore3()
▷ INFO  09:35:01 org.springframework.web.servlet.mvc.method.annotation.RequestMappingHandlerMapping[register:515] - Mapped "{[/cmdHpayDelStoreSend.do],methods=[GET],produces=[application/json;charset=UTF-8]}" onto public java.lang.String com.hpay.icps.web.ServerController.delstore1()
▷ INFO  09:35:01 org.springframework.web.servlet.mvc.method.annotation.RequestMappingHandlerMapping[register:515] - Mapped "{[/reqSearchProvideDayDeleteList.do],produces=[application/json;charset=UTF-8]}" onto public java.lang.String com.hpay.icps.web.ServerController.delstore3json(com.hpay.icps.vo.StoreDeletedPackageVO,org.springframework.validation.BindingResult,javax.servlet.http.HttpServletRequest)
▷ INFO  09:35:01 org.springframework.web.servlet.mvc.method.annotation.RequestMappingHandlerMapping[register:515] - Mapped "{[/reqDeleteStoreInfoInitiate.do],produces=[application/json;charset=UTF-8]}" onto public java.lang.String com.hpay.icps.web.ServerController.delstore2(com.hpay.icps.vo.StoreDeletedPackageVO,org.springframework.validation.BindingResult)
▷ INFO  09:35:01 org.springframework.web.servlet.mvc.method.annotation.RequestMappingHandlerMapping[register:515] - Mapped "{[/NOTICE/NoticeList.do]}" onto public java.util.List<com.hpay.notice.vo.NoticeVO> com.hpay.notice.web.NoticeController.selectNoticeList(com.hpay.notice.vo.NoticeVO,org.springframework.ui.Model,javax.servlet.http.HttpServletRequest)
▷ INFO  09:35:01 org.springframework.web.servlet.mvc.method.annotation.RequestMappingHandlerMapping[register:515] - Mapped "{[/cmdHpayDelStoreSend2.do],methods=[GET],produces=[application/json;charset=UTF-8]}" onto public java.lang.String com.hpay.notice.web.NoticeController.delstore1()
▷ DEBUG 09:35:01 org.jboss.logging[logProvider:158] - Logging Provider: org.jboss.logging.Slf4jLoggerProvider
▷ INFO  09:35:01 org.hibernate.validator.internal.util.Version[<clinit>:30] - HV000001: Hibernate Validator 5.2.4.Final
▷ DEBUG 09:35:01 org.hibernate.validator.internal.engine.resolver.DefaultTraversableResolver[detectJPA:103] - Found javax.persistence.Persistence on classpath containing 'getPersistenceUtil'. Assuming JPA 2 environment. Trying to instantiate JPA aware TraversableResolver
▷ DEBUG 09:35:01 org.hibernate.validator.internal.engine.resolver.DefaultTraversableResolver[detectJPA:114] - Instantiated JPA aware TraversableResolver of type org.hibernate.validator.internal.engine.resolver.JPATraversableResolver.
▷ DEBUG 09:35:01 org.hibernate.validator.internal.engine.ConfigurationImpl[messageInterpolator:156] - Setting custom MessageInterpolator of type org.springframework.validation.beanvalidation.LocaleContextMessageInterpolator
▷ DEBUG 09:35:01 org.hibernate.validator.internal.engine.ConfigurationImpl[constraintValidatorFactory:178] - Setting custom ConstraintValidatorFactory of type org.springframework.validation.beanvalidation.SpringConstraintValidatorFactory
▷ DEBUG 09:35:01 org.hibernate.validator.internal.engine.ConfigurationImpl[parameterNameProvider:192] - Setting custom ParameterNameProvider of type com.sun.proxy.$Proxy49
▷ DEBUG 09:35:01 org.hibernate.validator.internal.xml.ValidationXmlParser[getValidationXmlInputStream:91] - Trying to load META-INF/validation.xml for XML based Validator configuration.
▷ DEBUG 09:35:01 org.hibernate.validator.internal.xml.ResourceLoaderHelper[getResettableInputStreamForPath:47] - Trying to load META-INF/validation.xml via user class loader
▷ DEBUG 09:35:01 org.hibernate.validator.internal.xml.ResourceLoaderHelper[getResettableInputStreamForPath:54] - Trying to load META-INF/validation.xml via TCCL
▷ DEBUG 09:35:01 org.hibernate.validator.internal.xml.ResourceLoaderHelper[getResettableInputStreamForPath:60] - Trying to load META-INF/validation.xml via Hibernate Validator's class loader
▷ DEBUG 09:35:01 org.hibernate.validator.internal.xml.ValidationXmlParser[getValidationXmlInputStream:98] - No META-INF/validation.xml found. Using annotation based configuration only.
▷ INFO  09:35:02 org.springframework.web.servlet.mvc.method.annotation.RequestMappingHandlerAdapter[initControllerAdviceCache:532] - Looking for @ControllerAdvice: WebApplicationContext for namespace 'action-servlet': startup date [Tue Apr 14 09:35:00 KST 2020]; parent: Root WebApplicationContext
▷ INFO  09:35:02 org.springframework.web.servlet.mvc.method.annotation.RequestMappingHandlerAdapter[initControllerAdviceCache:532] - Looking for @ControllerAdvice: WebApplicationContext for namespace 'action-servlet': startup date [Tue Apr 14 09:35:00 KST 2020]; parent: Root WebApplicationContext
▷ DEBUG 09:35:02 able.com.web.servlet.ExtendedUriRequestMappingHandler[initHandlerMethods:172] - Looking for request mappings in application context: WebApplicationContext for namespace 'action-servlet': startup date [Tue Apr 14 09:35:00 KST 2020]; parent: Root WebApplicationContext
▷ DEBUG 09:35:02 able.com.web.servlet.ExtendedUriRequestMappingHandler[detectHandlerMethods:211] - 1 request handler methods found on class com.hpay.airparking.web.DiningCodeTest: {public java.lang.String com.hpay.airparking.web.DiningCodeTest.receiveStoreDelta(javax.servlet.http.HttpServletRequest,com.hpay.icps.vo.DincdVO,org.springframework.validation.BindingResult) throws com.fasterxml.jackson.core.JsonProcessingException={[/DincdTest.do],methods=[GET],produces=[application/json;charset=UTF-8]}}
▷ INFO  09:35:02 able.com.web.servlet.ExtendedUriRequestMappingHandler[register:515] - Mapped "{[/DincdTest.do],methods=[GET],produces=[application/json;charset=UTF-8]}" onto public java.lang.String com.hpay.airparking.web.DiningCodeTest.receiveStoreDelta(javax.servlet.http.HttpServletRequest,com.hpay.icps.vo.DincdVO,org.springframework.validation.BindingResult) throws com.fasterxml.jackson.core.JsonProcessingException
▷ DEBUG 09:35:02 able.com.web.servlet.ExtendedUriRequestMappingHandler[detectHandlerMethods:211] - 1 request handler methods found on class com.hpay.airparking.web.RedisTestController: {public void com.hpay.airparking.web.RedisTestController.loadParkingLotInfoAll()={[/HPAY-PARKING/reqParkingAirInfo.do],methods=[POST],produces=[application/json;charset=UTF-8]}}
▷ INFO  09:35:02 able.com.web.servlet.ExtendedUriRequestMappingHandler[register:515] - Mapped "{[/HPAY-PARKING/reqParkingAirInfo.do],methods=[POST],produces=[application/json;charset=UTF-8]}" onto public void com.hpay.airparking.web.RedisTestController.loadParkingLotInfoAll()
▷ DEBUG 09:35:02 able.com.web.servlet.ExtendedUriRequestMappingHandler[detectHandlerMethods:211] - 3 request handler methods found on class com.hpay.icps.web.PosgreSqlTestController: {public java.lang.String com.hpay.icps.web.PosgreSqlTestController.TEST()={[/TEST.do]}, public java.lang.String com.hpay.icps.web.PosgreSqlTestController.TEST2()={[/TEST2.do]}, public java.lang.String com.hpay.icps.web.PosgreSqlTestController.receiveStoreDelta(javax.servlet.http.HttpServletRequest)={[/TEST3.do]}}
▷ INFO  09:35:02 able.com.web.servlet.ExtendedUriRequestMappingHandler[register:515] - Mapped "{[/TEST.do]}" onto public java.lang.String com.hpay.icps.web.PosgreSqlTestController.TEST()
▷ INFO  09:35:02 able.com.web.servlet.ExtendedUriRequestMappingHandler[register:515] - Mapped "{[/TEST2.do]}" onto public java.lang.String com.hpay.icps.web.PosgreSqlTestController.TEST2()
▷ INFO  09:35:02 able.com.web.servlet.ExtendedUriRequestMappingHandler[register:515] - Mapped "{[/TEST3.do]}" onto public java.lang.String com.hpay.icps.web.PosgreSqlTestController.receiveStoreDelta(javax.servlet.http.HttpServletRequest)
▷ DEBUG 09:35:02 able.com.web.servlet.ExtendedUriRequestMappingHandler[detectHandlerMethods:211] - 5 request handler methods found on class com.hpay.icps.web.ServerController: {public java.lang.String com.hpay.icps.web.ServerController.SendDeltaToICPS()={[/cmdSendDeltaToICPS.do],methods=[GET],produces=[application/json;charset=UTF-8]}, public java.lang.String com.hpay.icps.web.ServerController.delstore3()={[/reqProvideDayDeleteList.do],methods=[GET],produces=[application/json;charset=UTF-8]}, public java.lang.String com.hpay.icps.web.ServerController.delstore1()={[/cmdHpayDelStoreSend.do],methods=[GET],produces=[application/json;charset=UTF-8]}, public java.lang.String com.hpay.icps.web.ServerController.delstore3json(com.hpay.icps.vo.StoreDeletedPackageVO,org.springframework.validation.BindingResult,javax.servlet.http.HttpServletRequest)={[/reqSearchProvideDayDeleteList.do],produces=[application/json;charset=UTF-8]}, public java.lang.String com.hpay.icps.web.ServerController.delstore2(com.hpay.icps.vo.StoreDeletedPackageVO,org.springframework.validation.BindingResult)={[/reqDeleteStoreInfoInitiate.do],produces=[application/json;charset=UTF-8]}}
▷ INFO  09:35:02 able.com.web.servlet.ExtendedUriRequestMappingHandler[register:515] - Mapped "{[/cmdSendDeltaToICPS.do],methods=[GET],produces=[application/json;charset=UTF-8]}" onto public java.lang.String com.hpay.icps.web.ServerController.SendDeltaToICPS()
▷ INFO  09:35:02 able.com.web.servlet.ExtendedUriRequestMappingHandler[register:515] - Mapped "{[/reqProvideDayDeleteList.do],methods=[GET],produces=[application/json;charset=UTF-8]}" onto public java.lang.String com.hpay.icps.web.ServerController.delstore3()
▷ INFO  09:35:02 able.com.web.servlet.ExtendedUriRequestMappingHandler[register:515] - Mapped "{[/cmdHpayDelStoreSend.do],methods=[GET],produces=[application/json;charset=UTF-8]}" onto public java.lang.String com.hpay.icps.web.ServerController.delstore1()
▷ INFO  09:35:02 able.com.web.servlet.ExtendedUriRequestMappingHandler[register:515] - Mapped "{[/reqSearchProvideDayDeleteList.do],produces=[application/json;charset=UTF-8]}" onto public java.lang.String com.hpay.icps.web.ServerController.delstore3json(com.hpay.icps.vo.StoreDeletedPackageVO,org.springframework.validation.BindingResult,javax.servlet.http.HttpServletRequest)
▷ INFO  09:35:02 able.com.web.servlet.ExtendedUriRequestMappingHandler[register:515] - Mapped "{[/reqDeleteStoreInfoInitiate.do],produces=[application/json;charset=UTF-8]}" onto public java.lang.String com.hpay.icps.web.ServerController.delstore2(com.hpay.icps.vo.StoreDeletedPackageVO,org.springframework.validation.BindingResult)
▷ DEBUG 09:35:02 able.com.web.servlet.ExtendedUriRequestMappingHandler[detectHandlerMethods:211] - 2 request handler methods found on class com.hpay.notice.web.NoticeController: {public java.util.List com.hpay.notice.web.NoticeController.selectNoticeList(com.hpay.notice.vo.NoticeVO,org.springframework.ui.Model,javax.servlet.http.HttpServletRequest)={[/NOTICE/NoticeList.do]}, public java.lang.String com.hpay.notice.web.NoticeController.delstore1()={[/cmdHpayDelStoreSend2.do],methods=[GET],produces=[application/json;charset=UTF-8]}}
▷ INFO  09:35:02 able.com.web.servlet.ExtendedUriRequestMappingHandler[register:515] - Mapped "{[/NOTICE/NoticeList.do]}" onto public java.util.List<com.hpay.notice.vo.NoticeVO> com.hpay.notice.web.NoticeController.selectNoticeList(com.hpay.notice.vo.NoticeVO,org.springframework.ui.Model,javax.servlet.http.HttpServletRequest)
▷ INFO  09:35:02 able.com.web.servlet.ExtendedUriRequestMappingHandler[register:515] - Mapped "{[/cmdHpayDelStoreSend2.do],methods=[GET],produces=[application/json;charset=UTF-8]}" onto public java.lang.String com.hpay.notice.web.NoticeController.delstore1()
▷ DEBUG 09:35:02 able.com.web.servlet.ExtendedUriRequestMappingHandler[initHandlerMethods:172] - Looking for request mappings in application context: WebApplicationContext for namespace 'action-servlet': startup date [Tue Apr 14 09:35:00 KST 2020]; parent: Root WebApplicationContext
▷ DEBUG 09:35:02 able.com.web.servlet.ExtendedUriRequestMappingHandler[detectHandlerMethods:211] - 0 request handler methods found on class com.hpay.airparking.web.DiningCodeTest: {}
▷ DEBUG 09:35:02 able.com.web.servlet.ExtendedUriRequestMappingHandler[detectHandlerMethods:211] - 0 request handler methods found on class com.hpay.airparking.web.RedisTestController: {}
▷ DEBUG 09:35:02 able.com.web.servlet.ExtendedUriRequestMappingHandler[detectHandlerMethods:211] - 0 request handler methods found on class com.hpay.icps.web.PosgreSqlTestController: {}
▷ DEBUG 09:35:02 able.com.web.servlet.ExtendedUriRequestMappingHandler[detectHandlerMethods:211] - 0 request handler methods found on class com.hpay.icps.web.ServerController: {}
▷ DEBUG 09:35:02 able.com.web.servlet.ExtendedUriRequestMappingHandler[detectHandlerMethods:211] - 0 request handler methods found on class com.hpay.notice.web.NoticeController: {}
▷ INFO  09:35:02 able.com.web.servlet.HRequestMappingHandlerAdapter[initControllerAdviceCache:532] - Looking for @ControllerAdvice: WebApplicationContext for namespace 'action-servlet': startup date [Tue Apr 14 09:35:00 KST 2020]; parent: Root WebApplicationContext
▷ INFO  09:35:02 org.springframework.web.servlet.DispatcherServlet[initServletBean:507] - FrameworkServlet 'action': initialization completed in 2510 ms
▷ DEBUG 09:35:03 able.com.web.servlet.ExtendedUriRequestMappingHandler[getHandlerInternal:306] - Looking up handler method for path /basic/selectItemList.do
▷ DEBUG 09:35:03 able.com.web.servlet.ExtendedUriRequestMappingHandler[getHandlerInternal:316] - Did not find handler method for [/basic/selectItemList.do]
▷ DEBUG 09:35:03 able.com.web.servlet.ExtendedUriRequestMappingHandler[getHandlerInternal:306] - Looking up handler method for path /basic/selectItemList.do
▷ DEBUG 09:35:03 able.com.web.servlet.ExtendedUriRequestMappingHandler[getHandlerInternal:316] - Did not find handler method for [/basic/selectItemList.do]
▷ WARN  09:35:03 org.springframework.web.servlet.PageNotFound[noHandlerFound:1136] - No mapping found for HTTP request with URI [/basic/selectItemList.do] in DispatcherServlet with name 'action'
▷ INFO  09:35:15 com.hpay.airparking.web.DiningCodeTest[receiveStoreDelta:59] - +++sendDeltaToMCP : Start
▷ DEBUG 09:35:16 org.mybatis.spring.SqlSessionUtils[getSqlSession:99] - Creating a new SqlSession
▷ DEBUG 09:35:16 org.mybatis.spring.SqlSessionUtils[registerSessionHolder:130] - Registering transaction synchronization for SqlSession [org.apache.ibatis.session.defaults.DefaultSqlSession@214e44fd]
▷ DEBUG 09:35:16 org.mybatis.spring.transaction.SpringManagedTransaction[openConnection:87] - JDBC Connection [jdbc:postgresql://127.0.0.1:5432/hpay, UserName=hpay, PostgreSQL JDBC Driver] will be managed by Spring
▷ DEBUG 09:35:16 org.mybatis.spring.SqlSessionUtils[closeSqlSession:188] - Releasing transactional SqlSession [org.apache.ibatis.session.defaults.DefaultSqlSession@214e44fd]
▷ DEBUG 09:35:16 org.mybatis.spring.SqlSessionUtils[beforeCommit:286] - Transaction synchronization committing SqlSession [org.apache.ibatis.session.defaults.DefaultSqlSession@214e44fd]
▷ DEBUG 09:35:16 org.mybatis.spring.SqlSessionUtils[beforeCompletion:312] - Transaction synchronization deregistering SqlSession [org.apache.ibatis.session.defaults.DefaultSqlSession@214e44fd]
▷ DEBUG 09:35:16 org.mybatis.spring.SqlSessionUtils[beforeCompletion:317] - Transaction synchronization closing SqlSession [org.apache.ibatis.session.defaults.DefaultSqlSession@214e44fd]
▷ INFO  09:35:16 com.hpay.airparking.web.DiningCodeTest[receiveStoreDelta:70] - json is{"businessId":100,"name":"test식당","address":"주소","telephone":"111-222-3333","longitude":126.83564,"latitude":37.31794,"avgRating":4.0,"aiScore":43.0,"openHour":null,"repPhoto":null,"menuPhoto":null,"area":"경기","rLikeCount":11,"repFoodKeyword":"초밥,단무지","repKeyword":null,"tasteRating":3.6,"serviceRating":3.0,"visitPurpose":null,"facility":null,"atmosphere":null,"regdt":"2020-04-13 13:52:36.841114+09","uptdt":null}
▷ INFO  09:35:16 com.hpay.airparking.web.DiningCodeTest[receiveStoreDelta:77] - +++sendDeltaToMCP : Success : 
{"businessId":100,"name":"test식당","address":"주소","telephone":"111-222-3333","longitude":126.83564,"latitude":37.31794,"avgRating":4.0,"aiScore":43.0,"openHour":null,"repPhoto":null,"menuPhoto":null,"area":"경기","rLikeCount":11,"repFoodKeyword":"초밥,단무지","repKeyword":null,"tasteRating":3.6,"serviceRating":3.0,"visitPurpose":null,"facility":null,"atmosphere":null,"regdt":"2020-04-13 13:52:36.841114+09","uptdt":null}dincdVO경기
